<?xml version="1.0" encoding="UTF-8"?>
<!-- Generated by org.testng.reporters.JUnitReportReporter -->
<testsuite hostname="LIN76004276" failures="0" tests="1" name="app.himalayas.AutoScript.StandAloneTest" time="43.470" errors="0" timestamp="2024-02-25T19:01:10 IST" skipped="0">
  <testcase classname="app.himalayas.AutoScript.StandAloneTest" name="Test1" time="43.470"/>
</testsuite> <!-- app.himalayas.AutoScript.StandAloneTest -->
