<?xml version="1.0" encoding="UTF-8"?>
<!-- Generated by org.testng.reporters.JUnitReportReporter -->
<testsuite hostname="LIN76004276" failures="0" tests="1" name="app.himalayas.AutoScript.StandAloneTest" time="51.964" errors="0" timestamp="2024-02-25T18:59:43 IST" skipped="0">
  <testcase classname="app.himalayas.AutoScript.StandAloneTest" name="Test1" time="51.964"/>
</testsuite> <!-- app.himalayas.AutoScript.StandAloneTest -->
